<?xml version="1.0" encoding="UTF-8"?>
<testsuite xmlns:xsi="http://www.w3.org/2001/XMLSchema-instance" xsi:noNamespaceSchemaLocation="https://maven.apache.org/surefire/maven-surefire-plugin/xsd/surefire-test-report-3.0.xsd" version="3.0" name="TestSuite" time="2.392" tests="28" errors="0" skipped="0" failures="0">
  <properties>
    <property name="java.specification.version" value="17"/>
    <property name="sun.cpu.isalist" value="amd64"/>
    <property name="sun.jnu.encoding" value="Cp1251"/>
    <property name="java.class.path" value="C:\Users\Home\rb_dr\dz-12\target\test-classes;C:\Users\Home\rb_dr\dz-12\target\classes;C:\Users\Home\.m2\repository\org\testng\testng\7.7.1\testng-7.7.1.jar;C:\Users\Home\.m2\repository\org\slf4j\slf4j-api\1.7.36\slf4j-api-1.7.36.jar;C:\Users\Home\.m2\repository\com\beust\jcommander\1.82\jcommander-1.82.jar;C:\Users\Home\.m2\repository\org\webjars\jquery\3.6.1\jquery-3.6.1.jar;C:\Users\Home\.m2\repository\io\rest-assured\rest-assured\5.3.0\rest-assured-5.3.0.jar;C:\Users\Home\.m2\repository\org\apache\groovy\groovy\4.0.6\groovy-4.0.6.jar;C:\Users\Home\.m2\repository\org\apache\groovy\groovy-xml\4.0.6\groovy-xml-4.0.6.jar;C:\Users\Home\.m2\repository\org\apache\httpcomponents\httpclient\4.5.13\httpclient-4.5.13.jar;C:\Users\Home\.m2\repository\org\apache\httpcomponents\httpcore\4.4.13\httpcore-4.4.13.jar;C:\Users\Home\.m2\repository\commons-logging\commons-logging\1.2\commons-logging-1.2.jar;C:\Users\Home\.m2\repository\commons-codec\commons-codec\1.11\commons-codec-1.11.jar;C:\Users\Home\.m2\repository\org\apache\httpcomponents\httpmime\4.5.13\httpmime-4.5.13.jar;C:\Users\Home\.m2\repository\org\hamcrest\hamcrest\2.1\hamcrest-2.1.jar;C:\Users\Home\.m2\repository\org\ccil\cowan\tagsoup\tagsoup\1.2.1\tagsoup-1.2.1.jar;C:\Users\Home\.m2\repository\io\rest-assured\json-path\5.3.0\json-path-5.3.0.jar;C:\Users\Home\.m2\repository\org\apache\groovy\groovy-json\4.0.6\groovy-json-4.0.6.jar;C:\Users\Home\.m2\repository\io\rest-assured\rest-assured-common\5.3.0\rest-assured-common-5.3.0.jar;C:\Users\Home\.m2\repository\io\rest-assured\xml-path\5.3.0\xml-path-5.3.0.jar;C:\Users\Home\.m2\repository\com\opencsv\opencsv\5.7.1\opencsv-5.7.1.jar;C:\Users\Home\.m2\repository\org\apache\commons\commons-lang3\3.12.0\commons-lang3-3.12.0.jar;C:\Users\Home\.m2\repository\org\apache\commons\commons-text\1.10.0\commons-text-1.10.0.jar;C:\Users\Home\.m2\repository\commons-beanutils\commons-beanutils\1.9.4\commons-beanutils-1.9.4.jar;C:\Users\Home\.m2\repository\commons-collections\commons-collections\3.2.2\commons-collections-3.2.2.jar;C:\Users\Home\.m2\repository\org\apache\commons\commons-collections4\4.4\commons-collections4-4.4.jar;"/>
    <property name="java.vm.vendor" value="Oracle Corporation"/>
    <property name="sun.arch.data.model" value="64"/>
    <property name="user.variant" value=""/>
    <property name="java.vendor.url" value="https://java.oracle.com/"/>
    <property name="user.timezone" value="Europe/Kiev"/>
    <property name="os.name" value="Windows 10"/>
    <property name="java.vm.specification.version" value="17"/>
    <property name="sun.java.launcher" value="SUN_STANDARD"/>
    <property name="user.country" value="UA"/>
    <property name="sun.boot.library.path" value="C:\Program Files\Java\jdk-17\bin"/>
    <property name="sun.java.command" value="C:\Users\Home\AppData\Local\Temp\surefire17208862971451196079\surefirebooter-20230530161010070_3.jar C:\Users\Home\AppData\Local\Temp\surefire17208862971451196079 2023-05-30T16-10-09_572-jvmRun1 surefire-20230530161010070_1tmp surefire_0-20230530161010070_2tmp"/>
    <property name="jdk.debug" value="release"/>
    <property name="surefire.test.class.path" value="C:\Users\Home\rb_dr\dz-12\target\test-classes;C:\Users\Home\rb_dr\dz-12\target\classes;C:\Users\Home\.m2\repository\org\testng\testng\7.7.1\testng-7.7.1.jar;C:\Users\Home\.m2\repository\org\slf4j\slf4j-api\1.7.36\slf4j-api-1.7.36.jar;C:\Users\Home\.m2\repository\com\beust\jcommander\1.82\jcommander-1.82.jar;C:\Users\Home\.m2\repository\org\webjars\jquery\3.6.1\jquery-3.6.1.jar;C:\Users\Home\.m2\repository\io\rest-assured\rest-assured\5.3.0\rest-assured-5.3.0.jar;C:\Users\Home\.m2\repository\org\apache\groovy\groovy\4.0.6\groovy-4.0.6.jar;C:\Users\Home\.m2\repository\org\apache\groovy\groovy-xml\4.0.6\groovy-xml-4.0.6.jar;C:\Users\Home\.m2\repository\org\apache\httpcomponents\httpclient\4.5.13\httpclient-4.5.13.jar;C:\Users\Home\.m2\repository\org\apache\httpcomponents\httpcore\4.4.13\httpcore-4.4.13.jar;C:\Users\Home\.m2\repository\commons-logging\commons-logging\1.2\commons-logging-1.2.jar;C:\Users\Home\.m2\repository\commons-codec\commons-codec\1.11\commons-codec-1.11.jar;C:\Users\Home\.m2\repository\org\apache\httpcomponents\httpmime\4.5.13\httpmime-4.5.13.jar;C:\Users\Home\.m2\repository\org\hamcrest\hamcrest\2.1\hamcrest-2.1.jar;C:\Users\Home\.m2\repository\org\ccil\cowan\tagsoup\tagsoup\1.2.1\tagsoup-1.2.1.jar;C:\Users\Home\.m2\repository\io\rest-assured\json-path\5.3.0\json-path-5.3.0.jar;C:\Users\Home\.m2\repository\org\apache\groovy\groovy-json\4.0.6\groovy-json-4.0.6.jar;C:\Users\Home\.m2\repository\io\rest-assured\rest-assured-common\5.3.0\rest-assured-common-5.3.0.jar;C:\Users\Home\.m2\repository\io\rest-assured\xml-path\5.3.0\xml-path-5.3.0.jar;C:\Users\Home\.m2\repository\com\opencsv\opencsv\5.7.1\opencsv-5.7.1.jar;C:\Users\Home\.m2\repository\org\apache\commons\commons-lang3\3.12.0\commons-lang3-3.12.0.jar;C:\Users\Home\.m2\repository\org\apache\commons\commons-text\1.10.0\commons-text-1.10.0.jar;C:\Users\Home\.m2\repository\commons-beanutils\commons-beanutils\1.9.4\commons-beanutils-1.9.4.jar;C:\Users\Home\.m2\repository\commons-collections\commons-collections\3.2.2\commons-collections-3.2.2.jar;C:\Users\Home\.m2\repository\org\apache\commons\commons-collections4\4.4\commons-collections4-4.4.jar;"/>
    <property name="sun.cpu.endian" value="little"/>
    <property name="user.home" value="C:\Users\Home"/>
    <property name="user.language" value="uk"/>
    <property name="java.specification.vendor" value="Oracle Corporation"/>
    <property name="java.version.date" value="2023-01-17"/>
    <property name="java.home" value="C:\Program Files\Java\jdk-17"/>
    <property name="file.separator" value="\"/>
    <property name="basedir" value="C:\Users\Home\rb_dr\dz-12"/>
    <property name="java.vm.compressedOopsMode" value="32-bit"/>
    <property name="line.separator" value="&#10;"/>
    <property name="java.vm.specification.vendor" value="Oracle Corporation"/>
    <property name="java.specification.name" value="Java Platform API Specification"/>
    <property name="surefire.real.class.path" value="C:\Users\Home\AppData\Local\Temp\surefire17208862971451196079\surefirebooter-20230530161010070_3.jar"/>
    <property name="user.script" value=""/>
    <property name="sun.management.compiler" value="HotSpot 64-Bit Tiered Compilers"/>
    <property name="java.runtime.version" value="17.0.6+9-LTS-190"/>
    <property name="user.name" value="Home"/>
    <property name="path.separator" value=";"/>
    <property name="os.version" value="10.0"/>
    <property name="java.runtime.name" value="Java(TM) SE Runtime Environment"/>
    <property name="file.encoding" value="Cp1251"/>
    <property name="java.vm.name" value="Java HotSpot(TM) 64-Bit Server VM"/>
    <property name="localRepository" value="C:\Users\Home\.m2\repository"/>
    <property name="java.vendor.url.bug" value="https://bugreport.java.com/bugreport/"/>
    <property name="java.io.tmpdir" value="C:\Users\Home\AppData\Local\Temp\"/>
    <property name="java.version" value="17.0.6"/>
    <property name="user.dir" value="C:\Users\Home\rb_dr\dz-12"/>
    <property name="os.arch" value="amd64"/>
    <property name="java.vm.specification.name" value="Java Virtual Machine Specification"/>
    <property name="sun.os.patch.level" value=""/>
    <property name="native.encoding" value="Cp1251"/>
    <property name="java.library.path" value="C:\Program Files\Java\jdk-17\bin;C:\Windows\Sun\Java\bin;C:\Windows\system32;C:\Windows;C:\Program Files\Common Files\Oracle\Java\javapath;C:\Windows\system32;C:\Windows;C:\Windows\System32\Wbem;C:\Windows\System32\WindowsPowerShell\v1.0\;C:\Windows\System32\OpenSSH\;C:\Program Files\Git\cmd;C:\Program Files\Calibre2\;C:\Program Files\Docker\Docker\resources\bin;C:\Users\Home\Maven\apache-maven-3.9.1\bin;C:\Users\Home\AppData\Local\Microsoft\WindowsApps;;C:\Users\Home\AppData\Local\Programs\Microsoft VS Code\bin;."/>
    <property name="java.vm.info" value="mixed mode, sharing"/>
    <property name="java.vendor" value="Oracle Corporation"/>
    <property name="java.vm.version" value="17.0.6+9-LTS-190"/>
    <property name="sun.io.unicode.encoding" value="UnicodeLittle"/>
    <property name="java.class.version" value="61.0"/>
  </properties>
  <testcase name="testIfDeregisterPartnershipFalse[Hanna, Light, Dark, 65, Running, com.rb_dr.person.Man@3270d194](1)" classname="persondetails.TestWithParameters" time="0.036">
    <system-err><![CDATA[SLF4J: Failed to load class "org.slf4j.impl.StaticLoggerBinder".
SLF4J: Defaulting to no-operation (NOP) logger implementation
SLF4J: See http://www.slf4j.org/codes.html#StaticLoggerBinder for further details.
]]></system-err>
  </testcase>
  <testcase name="testIfDeregisterPartnershipFalse[Helena, Sunny, Cloudy, 61, Running, com.rb_dr.person.Man@5e0e82ae](2)" classname="persondetails.TestWithParameters" time="0.002"/>
  <testcase name="testIfDeregisterPartnershipTrue[Hanna, Light, Dark, 65, Running, com.rb_dr.person.Man@51399530](1)" classname="persondetails.TestWithParameters" time="0.003"/>
  <testcase name="testIfDeregisterPartnershipTrue[Helena, Sunny, Cloudy, 61, Running, com.rb_dr.person.Man@411f53a0](2)" classname="persondetails.TestWithParameters" time="0.008"/>
  <testcase name="testIfManHasBadge[Kent, Night, Night, 66, Fishing, com.rb_dr.person.Woman@36fc695d](1)" classname="persondetails.TestWithParameters" time="0.01"/>
  <testcase name="testIfManHasBadge[Sam, Day, Day, 70, Fishing, com.rb_dr.person.Woman@13c9d689](2)" classname="persondetails.TestWithParameters" time="0.001"/>
  <testcase name="testIfManHasNotBadge[Vasiliy, Read, Read, 32, Jumping, null](1)" classname="persondetails.TestWithParameters" time="0.002"/>
  <testcase name="testIfManHasNotBadge[Helena, Sunny, Sunny, 41, Walking, null](2)" classname="persondetails.TestWithParameters" time="0.002"/>
  <testcase name="testIfManNotRetired[Vasiliy, Read, Read, 32, Jumping, null](1)" classname="persondetails.TestWithParameters" time="0"/>
  <testcase name="testIfManNotRetired[Helena, Sunny, Sunny, 41, Walking, null](2)" classname="persondetails.TestWithParameters" time="0.003"/>
  <testcase name="testIfManRetired[Kent, Night, Night, 66, Fishing, com.rb_dr.person.Woman@5b7a5baa](1)" classname="persondetails.TestWithParameters" time="0.003"/>
  <testcase name="testIfManRetired[Sam, Day, Day, 70, Fishing, com.rb_dr.person.Woman@1d296da](2)" classname="persondetails.TestWithParameters" time="0.001"/>
  <testcase name="testIfNotRegisterPartnership[Hanna, Sweet, Sweet, 41, Jumping, null](1)" classname="persondetails.TestWithParameters" time="0.002"/>
  <testcase name="testIfNotRegisterPartnership[Helena, Sunny, Sunny, 41, Walking, null](2)" classname="persondetails.TestWithParameters" time="0.003"/>
  <testcase name="testIfRegisterPartnership[Hanna, Light, Dark, 65, Running, com.rb_dr.person.Man@408d971b](1)" classname="persondetails.TestWithParameters" time="0.001"/>
  <testcase name="testIfRegisterPartnership[Helena, Sunny, Cloudy, 61, Running, com.rb_dr.person.Man@3c46e67a](2)" classname="persondetails.TestWithParameters" time="0.002"/>
  <testcase name="testIfWomanHasBadge[Hanna, Light, Dark, 65, Running, com.rb_dr.person.Man@206a70ef](1)" classname="persondetails.TestWithParameters" time="0.001"/>
  <testcase name="testIfWomanHasBadge[Helena, Sunny, Cloudy, 61, Running, com.rb_dr.person.Man@22555ebf](2)" classname="persondetails.TestWithParameters" time="0.001"/>
  <testcase name="testIfWomanHasNotBadge[Hanna, Sweet, Sweet, 41, Jumping, null](1)" classname="persondetails.TestWithParameters" time="0.005"/>
  <testcase name="testIfWomanHasNotBadge[Helena, Sunny, Sunny, 41, Walking, null](2)" classname="persondetails.TestWithParameters" time="0.002"/>
  <testcase name="testIfWomanNotRetired[Hanna, Sweet, Sweet, 41, Jumping, null](1)" classname="persondetails.TestWithParameters" time="0.004"/>
  <testcase name="testIfWomanNotRetired[Helena, Sunny, Sunny, 41, Walking, null](2)" classname="persondetails.TestWithParameters" time="0.001"/>
  <testcase name="testIfWomanRetired[Hanna, Light, Dark, 65, Running, com.rb_dr.person.Man@38425407](1)" classname="persondetails.TestWithParameters" time="0.001"/>
  <testcase name="testIfWomanRetired[Helena, Sunny, Cloudy, 61, Running, com.rb_dr.person.Man@702657cc](2)" classname="persondetails.TestWithParameters" time="0.001"/>
  <testcase name="testManAdding[Kent, Night, Night, 66, Fishing, com.rb_dr.person.Woman@40a4337a](1)" classname="persondetails.TestWithParameters" time="0.001"/>
  <testcase name="testManAdding[Sam, Day, Day, 70, Fishing, com.rb_dr.person.Woman@22ff4249](2)" classname="persondetails.TestWithParameters" time="0.001"/>
  <testcase name="testWomanAdding[Hanna, Light, Dark, 65, Running, com.rb_dr.person.Man@4c402120](1)" classname="persondetails.TestWithParameters" time="0.001"/>
  <testcase name="testWomanAdding[Helena, Sunny, Cloudy, 61, Running, com.rb_dr.person.Man@5b12b668](2)" classname="persondetails.TestWithParameters" time="0.002"/>
</testsuite>