<?xml version="1.0" encoding="UTF-8"?>
<!-- Generated by org.testng.reporters.JUnitReportReporter -->
<testsuite hostname="DESKTOP-G73396H" failures="0" tests="28" name="persondetails.TestWithParameters" time="0.108" errors="0" timestamp="2023-05-30T16:10:13 EEST" skipped="0">
  <testcase classname="persondetails.TestWithParameters" name="testIfDeregisterPartnershipFalse" time="0.013"/>
  <system-out/>
  <testcase classname="persondetails.TestWithParameters" name="testIfManHasBadge" time="0.019"/>
  <system-out/>
  <testcase classname="persondetails.TestWithParameters" name="testManAdding" time="0.002"/>
  <system-out/>
  <testcase classname="persondetails.TestWithParameters" name="testIfRegisterPartnership" time="0.002"/>
  <system-out/>
  <testcase classname="persondetails.TestWithParameters" name="testIfWomanHasBadge" time="0.001"/>
  <system-out/>
  <testcase classname="persondetails.TestWithParameters" name="testIfDeregisterPartnershipFalse" time="0.019"/>
  <system-out/>
  <testcase classname="persondetails.TestWithParameters" name="testManAdding" time="0.001"/>
  <system-out/>
  <testcase classname="persondetails.TestWithParameters" name="testIfNotRegisterPartnership" time="0.001"/>
  <system-out/>
  <testcase classname="persondetails.TestWithParameters" name="testIfManRetired" time="0.002"/>
  <system-out/>
  <testcase classname="persondetails.TestWithParameters" name="testIfNotRegisterPartnership" time="0.001"/>
  <system-out/>
  <testcase classname="persondetails.TestWithParameters" name="testIfWomanNotRetired" time="0.001"/>
  <system-out/>
  <testcase classname="persondetails.TestWithParameters" name="testIfManNotRetired" time="0.001"/>
  <system-out/>
  <testcase classname="persondetails.TestWithParameters" name="testIfWomanRetired" time="0.001"/>
  <system-out/>
  <testcase classname="persondetails.TestWithParameters" name="testIfDeregisterPartnershipTrue" time="0.013"/>
  <system-out/>
  <testcase classname="persondetails.TestWithParameters" name="testWomanAdding" time="0.001"/>
  <system-out/>
  <testcase classname="persondetails.TestWithParameters" name="testIfManHasBadge" time="0.001"/>
  <system-out/>
  <testcase classname="persondetails.TestWithParameters" name="testIfRegisterPartnership" time="0.001"/>
  <system-out/>
  <testcase classname="persondetails.TestWithParameters" name="testIfWomanHasNotBadge" time="0.003"/>
  <system-out/>
  <testcase classname="persondetails.TestWithParameters" name="testWomanAdding" time="0.001"/>
  <system-out/>
  <testcase classname="persondetails.TestWithParameters" name="testIfWomanHasNotBadge" time="0.001"/>
  <system-out/>
  <testcase classname="persondetails.TestWithParameters" name="testIfWomanRetired" time="0.001"/>
  <system-out/>
  <testcase classname="persondetails.TestWithParameters" name="testIfWomanNotRetired" time="0.001"/>
  <system-out/>
  <testcase classname="persondetails.TestWithParameters" name="testIfManHasNotBadge" time="0.002"/>
  <system-out/>
  <testcase classname="persondetails.TestWithParameters" name="testIfManRetired" time="0.002"/>
  <system-out/>
  <testcase classname="persondetails.TestWithParameters" name="testIfManNotRetired" time="0.011"/>
  <system-out/>
  <testcase classname="persondetails.TestWithParameters" name="testIfDeregisterPartnershipTrue" time="0.001"/>
  <system-out/>
  <testcase classname="persondetails.TestWithParameters" name="testIfWomanHasBadge" time="0.003"/>
  <system-out/>
  <testcase classname="persondetails.TestWithParameters" name="testIfManHasNotBadge" time="0.002"/>
  <system-out/>
</testsuite> <!-- persondetails.TestWithParameters -->
